[23:10:53] [main/INFO]: Setting user: Player464
[23:10:54] [Client thread/INFO]: LWJGL Version: 2.9.1
[23:10:59] [Client thread/INFO]: Reloading ResourceManager: Default, FMLFileResourcePack:Forge Mod Loader, FMLFileResourcePack:Minecraft Forge, FMLFileResourcePack:emanon
[23:10:59] [Client thread/WARN]: ResourcePack: ignored non-lowercase namespace: %s in %s
[23:11:00] [Sound Library Loader/INFO]: Sound engine started
[23:11:00] [Client thread/INFO]: Created: 512x256 textures/blocks-atlas
[23:11:00] [Client thread/ERROR]: Using missing texture, unable to load emanon:textures/items/eterealEssence.png
java.io.FileNotFoundException: emanon:textures/items/eterealEssence.png
	at net.minecraft.client.resources.SimpleReloadableResourceManager.getResource(SimpleReloadableResourceManager.java:71) ~[SimpleReloadableResourceManager.class:?]
	at net.minecraft.client.renderer.texture.TextureMap.loadTextureAtlas(TextureMap.java:126) [TextureMap.class:?]
	at net.minecraft.client.renderer.texture.TextureMap.loadTexture(TextureMap.java:91) [TextureMap.class:?]
	at net.minecraft.client.renderer.texture.TextureManager.loadTexture(TextureManager.java:89) [TextureManager.class:?]
	at net.minecraft.client.renderer.texture.TextureManager.loadTickableTexture(TextureManager.java:71) [TextureManager.class:?]
	at net.minecraft.client.renderer.texture.TextureManager.loadTextureMap(TextureManager.java:58) [TextureManager.class:?]
	at net.minecraft.client.Minecraft.startGame(Minecraft.java:583) [Minecraft.class:?]
	at net.minecraft.client.Minecraft.run(Minecraft.java:931) [Minecraft.class:?]
	at net.minecraft.client.main.Main.main(Main.java:164) [Main.class:?]
	at sun.reflect.NativeMethodAccessorImpl.invoke0(Native Method) ~[?:1.8.0_05]
	at sun.reflect.NativeMethodAccessorImpl.invoke(NativeMethodAccessorImpl.java:62) ~[?:1.8.0_05]
	at sun.reflect.DelegatingMethodAccessorImpl.invoke(DelegatingMethodAccessorImpl.java:43) ~[?:1.8.0_05]
	at java.lang.reflect.Method.invoke(Method.java:483) ~[?:1.8.0_05]
	at net.minecraft.launchwrapper.Launch.launch(Launch.java:135) [launchwrapper-1.11.jar:?]
	at net.minecraft.launchwrapper.Launch.main(Launch.java:28) [launchwrapper-1.11.jar:?]
	at net.minecraftforge.gradle.GradleStartCommon.launch(GradleStartCommon.java:78) [start/:?]
	at GradleStart.main(GradleStart.java:45) [start/:?]
	at sun.reflect.NativeMethodAccessorImpl.invoke0(Native Method) ~[?:1.8.0_05]
	at sun.reflect.NativeMethodAccessorImpl.invoke(NativeMethodAccessorImpl.java:62) ~[?:1.8.0_05]
	at sun.reflect.DelegatingMethodAccessorImpl.invoke(DelegatingMethodAccessorImpl.java:43) ~[?:1.8.0_05]
	at java.lang.reflect.Method.invoke(Method.java:483) ~[?:1.8.0_05]
	at com.intellij.rt.execution.application.AppMain.main(AppMain.java:134) [idea_rt.jar:?]
[23:11:00] [Client thread/INFO]: Created: 256x256 textures/items-atlas
[23:11:00] [Client thread/INFO]: Reloading ResourceManager: Default, FMLFileResourcePack:Forge Mod Loader, FMLFileResourcePack:Minecraft Forge, FMLFileResourcePack:emanon
[23:11:00] [Client thread/WARN]: ResourcePack: ignored non-lowercase namespace: %s in %s
[23:11:01] [Client thread/INFO]: Created: 512x256 textures/blocks-atlas
[23:11:01] [Client thread/ERROR]: Using missing texture, unable to load emanon:textures/items/eterealEssence.png
java.io.FileNotFoundException: emanon:textures/items/eterealEssence.png
	at net.minecraft.client.resources.SimpleReloadableResourceManager.getResource(SimpleReloadableResourceManager.java:71) ~[SimpleReloadableResourceManager.class:?]
	at net.minecraft.client.renderer.texture.TextureMap.loadTextureAtlas(TextureMap.java:126) [TextureMap.class:?]
	at net.minecraft.client.renderer.texture.TextureMap.loadTexture(TextureMap.java:91) [TextureMap.class:?]
	at net.minecraft.client.renderer.texture.TextureManager.loadTexture(TextureManager.java:89) [TextureManager.class:?]
	at net.minecraft.client.renderer.texture.TextureManager.onResourceManagerReload(TextureManager.java:170) [TextureManager.class:?]
	at net.minecraft.client.resources.SimpleReloadableResourceManager.notifyReloadListeners(SimpleReloadableResourceManager.java:134) [SimpleReloadableResourceManager.class:?]
	at net.minecraft.client.resources.SimpleReloadableResourceManager.reloadResources(SimpleReloadableResourceManager.java:118) [SimpleReloadableResourceManager.class:?]
	at net.minecraft.client.Minecraft.refreshResources(Minecraft.java:643) [Minecraft.class:?]
	at cpw.mods.fml.client.FMLClientHandler.finishMinecraftLoading(FMLClientHandler.java:303) [FMLClientHandler.class:?]
	at net.minecraft.client.Minecraft.startGame(Minecraft.java:586) [Minecraft.class:?]
	at net.minecraft.client.Minecraft.run(Minecraft.java:931) [Minecraft.class:?]
	at net.minecraft.client.main.Main.main(Main.java:164) [Main.class:?]
	at sun.reflect.NativeMethodAccessorImpl.invoke0(Native Method) ~[?:1.8.0_05]
	at sun.reflect.NativeMethodAccessorImpl.invoke(NativeMethodAccessorImpl.java:62) ~[?:1.8.0_05]
	at sun.reflect.DelegatingMethodAccessorImpl.invoke(DelegatingMethodAccessorImpl.java:43) ~[?:1.8.0_05]
	at java.lang.reflect.Method.invoke(Method.java:483) ~[?:1.8.0_05]
	at net.minecraft.launchwrapper.Launch.launch(Launch.java:135) [launchwrapper-1.11.jar:?]
	at net.minecraft.launchwrapper.Launch.main(Launch.java:28) [launchwrapper-1.11.jar:?]
	at net.minecraftforge.gradle.GradleStartCommon.launch(GradleStartCommon.java:78) [start/:?]
	at GradleStart.main(GradleStart.java:45) [start/:?]
	at sun.reflect.NativeMethodAccessorImpl.invoke0(Native Method) ~[?:1.8.0_05]
	at sun.reflect.NativeMethodAccessorImpl.invoke(NativeMethodAccessorImpl.java:62) ~[?:1.8.0_05]
	at sun.reflect.DelegatingMethodAccessorImpl.invoke(DelegatingMethodAccessorImpl.java:43) ~[?:1.8.0_05]
	at java.lang.reflect.Method.invoke(Method.java:483) ~[?:1.8.0_05]
	at com.intellij.rt.execution.application.AppMain.main(AppMain.java:134) [idea_rt.jar:?]
[23:11:01] [Client thread/INFO]: Created: 256x256 textures/items-atlas
[23:11:02] [Sound Library Loader/INFO]: Sound engine started
[23:12:06] [Server thread/INFO]: Starting integrated minecraft server version 1.7.10
[23:12:06] [Server thread/INFO]: Generating keypair
[23:12:06] [Server thread/INFO]: Preparing start region for level 0
[23:12:07] [Server thread/INFO]: Changing view distance to 12, from 10
[23:12:07] [Server thread/INFO]: Player464[local:E:42ce922f] logged in with entity id 177 at (986.3031583898446, 4.0, -406.6919780734038)
[23:12:07] [Server thread/INFO]: Player464 joined the game
[23:12:11] [Server thread/INFO]: Saving and pausing game...
[23:12:11] [Server thread/INFO]: Saving chunks for level 'New World'/Overworld
[23:12:11] [Server thread/INFO]: Saving chunks for level 'New World'/Nether
[23:12:11] [Server thread/INFO]: Saving chunks for level 'New World'/The End
